<?xml version="1.0" encoding="UTF-8"?>
<testsuite name="com.ams.appointment_service.CustomerNotificationServiceApplicationTests" tests="1" skipped="0" failures="0" errors="0" timestamp="2025-05-30T18:07:17.066Z" hostname="Nicklauscott.local" time="0.694">
  <properties/>
  <testcase name="contextLoads()" classname="com.ams.appointment_service.CustomerNotificationServiceApplicationTests" time="0.694"/>
  <system-out><![CDATA[21:07:11.174 [Test worker] INFO org.springframework.test.context.support.AnnotationConfigContextLoaderUtils -- Could not detect default configuration classes for test class [com.ams.appointment_service.CustomerNotificationServiceApplicationTests]: CustomerNotificationServiceApplicationTests does not declare any static, non-private, non-final, nested classes annotated with @Configuration.
21:07:11.306 [Test worker] INFO org.springframework.boot.test.context.SpringBootTestContextBootstrapper -- Found @SpringBootConfiguration com.ams.appointment_service.AppointmentServiceApplication for test class com.ams.appointment_service.CustomerNotificationServiceApplicationTests

  .   ____          _            __ _ _
 /\\ / ___'_ __ _ _(_)_ __  __ _ \ \ \ \
( ( )\___ | '_ | '_| | '_ \/ _` | \ \ \ \
 \\/  ___)| |_)| | | | | || (_| |  ) ) ) )
  '  |____| .__|_| |_|_| |_\__, | / / / /
 =========|_|==============|___/=/_/_/_/

 :: Spring Boot ::                (v3.5.0)

2025-05-30T21:07:11.840+03:00  INFO 20095 --- [appointment-service] [    Test worker] tomerNotificationServiceApplicationTests : Starting CustomerNotificationServiceApplicationTests using Java 21.0.7 with PID 20095 (started by mac in /Users/mac/Documents/Programming/spring boot/Multi-Tenant Appointment Scheduling System/Appointment Scheduling System/appointment-service)
2025-05-30T21:07:11.842+03:00  INFO 20095 --- [appointment-service] [    Test worker] tomerNotificationServiceApplicationTests : No active profile set, falling back to 1 default profile: "default"
2025-05-30T21:07:12.704+03:00  INFO 20095 --- [appointment-service] [    Test worker] .s.d.r.c.RepositoryConfigurationDelegate : Bootstrapping Spring Data JPA repositories in DEFAULT mode.
2025-05-30T21:07:12.787+03:00  INFO 20095 --- [appointment-service] [    Test worker] .s.d.r.c.RepositoryConfigurationDelegate : Finished Spring Data repository scanning in 73 ms. Found 4 JPA repository interfaces.
2025-05-30T21:07:13.336+03:00  INFO 20095 --- [appointment-service] [    Test worker] com.zaxxer.hikari.HikariDataSource       : HikariPool-1 - Starting...
2025-05-30T21:07:13.475+03:00  INFO 20095 --- [appointment-service] [    Test worker] com.zaxxer.hikari.pool.HikariPool        : HikariPool-1 - Added connection org.postgresql.jdbc.PgConnection@17134190
2025-05-30T21:07:13.476+03:00  INFO 20095 --- [appointment-service] [    Test worker] com.zaxxer.hikari.HikariDataSource       : HikariPool-1 - Start completed.
2025-05-30T21:07:13.553+03:00  INFO 20095 --- [appointment-service] [    Test worker] o.f.c.internal.license.VersionPrinter    : Flyway Community Edition 9.22.0 by Redgate
2025-05-30T21:07:13.553+03:00  INFO 20095 --- [appointment-service] [    Test worker] o.f.c.internal.license.VersionPrinter    : See release notes here: https://rd.gt/416ObMi
2025-05-30T21:07:13.554+03:00  INFO 20095 --- [appointment-service] [    Test worker] o.f.c.internal.license.VersionPrinter    : 
2025-05-30T21:07:13.568+03:00  INFO 20095 --- [appointment-service] [    Test worker] org.flywaydb.core.FlywayExecutor         : Database: jdbc:postgresql://localhost:5432/test_db (PostgreSQL 16.4)
2025-05-30T21:07:13.574+03:00  WARN 20095 --- [appointment-service] [    Test worker] o.f.c.internal.database.base.Database    : Flyway upgrade recommended: PostgreSQL 16.4 is newer than this version of Flyway and support has not been tested. The latest supported version of PostgreSQL is 15.
2025-05-30T21:07:13.619+03:00  INFO 20095 --- [appointment-service] [    Test worker] o.f.core.internal.command.DbValidate     : Successfully validated 1 migration (execution time 00:00.028s)
2025-05-30T21:07:13.632+03:00  INFO 20095 --- [appointment-service] [    Test worker] o.f.core.internal.command.DbMigrate      : Current version of schema "public": 1
2025-05-30T21:07:13.637+03:00  INFO 20095 --- [appointment-service] [    Test worker] o.f.core.internal.command.DbMigrate      : Schema "public" is up to date. No migration necessary.
2025-05-30T21:07:13.697+03:00  INFO 20095 --- [appointment-service] [    Test worker] o.hibernate.jpa.internal.util.LogHelper  : HHH000204: Processing PersistenceUnitInfo [name: default]
2025-05-30T21:07:13.752+03:00  INFO 20095 --- [appointment-service] [    Test worker] org.hibernate.Version                    : HHH000412: Hibernate ORM core version 6.3.1.Final
2025-05-30T21:07:13.796+03:00  INFO 20095 --- [appointment-service] [    Test worker] o.h.c.internal.RegionFactoryInitiator    : HHH000026: Second-level cache disabled
2025-05-30T21:07:14.045+03:00  INFO 20095 --- [appointment-service] [    Test worker] o.s.o.j.p.SpringPersistenceUnitInfo      : No LoadTimeWeaver setup: ignoring JPA class transformer
2025-05-30T21:07:14.092+03:00  WARN 20095 --- [appointment-service] [    Test worker] org.hibernate.orm.deprecation            : HHH90000025: PostgreSQLDialect does not need to be specified explicitly using 'hibernate.dialect' (remove the property setting and it will be selected by default)
2025-05-30T21:07:15.164+03:00  INFO 20095 --- [appointment-service] [    Test worker] o.h.e.t.j.p.i.JtaPlatformInitiator       : HHH000489: No JTA platform available (set 'hibernate.transaction.jta.platform' to enable JTA platform integration)
2025-05-30T21:07:15.181+03:00  INFO 20095 --- [appointment-service] [    Test worker] j.LocalContainerEntityManagerFactoryBean : Initialized JPA EntityManagerFactory for persistence unit 'default'
**********************************************gRPC server will start on port:***********************************************9091
2025-05-30T21:07:15.609+03:00  INFO 20095 --- [appointment-service] [    Test worker] o.s.d.j.r.query.QueryEnhancerFactory     : Hibernate is in classpath; If applicable, HQL parser will be used.
2025-05-30T21:07:16.355+03:00  WARN 20095 --- [appointment-service] [    Test worker] JpaBaseConfiguration$JpaWebConfiguration : spring.jpa.open-in-view is enabled by default. Therefore, database queries may be performed during view rendering. Explicitly configure spring.jpa.open-in-view to disable this warning
2025-05-30T21:07:16.912+03:00  INFO 20095 --- [appointment-service] [    Test worker] o.s.grpc.server.NettyGrpcServerFactory   : Registered gRPC service: AuthService
2025-05-30T21:07:16.913+03:00  INFO 20095 --- [appointment-service] [    Test worker] o.s.grpc.server.NettyGrpcServerFactory   : Registered gRPC service: StaffService
2025-05-30T21:07:16.913+03:00  INFO 20095 --- [appointment-service] [    Test worker] o.s.grpc.server.NettyGrpcServerFactory   : Registered gRPC service: grpc.reflection.v1.ServerReflection
2025-05-30T21:07:16.913+03:00  INFO 20095 --- [appointment-service] [    Test worker] o.s.grpc.server.NettyGrpcServerFactory   : Registered gRPC service: grpc.health.v1.Health
2025-05-30T21:07:17.033+03:00  INFO 20095 --- [appointment-service] [    Test worker] o.s.g.s.lifecycle.GrpcServerLifecycle    : gRPC Server started, listening on address: [/[0:0:0:0:0:0:0:0]:9090]
2025-05-30T21:07:17.044+03:00  INFO 20095 --- [appointment-service] [    Test worker] tomerNotificationServiceApplicationTests : Started CustomerNotificationServiceApplicationTests in 5.579 seconds (process running for 6.982)
]]></system-out>
  <system-err><![CDATA[ANTLR Tool version 4.10.1 used for code generation does not match the current runtime version 4.13.0
ANTLR Runtime version 4.10.1 used for parser compilation does not match the current runtime version 4.13.0
ANTLR Tool version 4.10.1 used for code generation does not match the current runtime version 4.13.0
ANTLR Runtime version 4.10.1 used for parser compilation does not match the current runtime version 4.13.0
WARNING: A Java agent has been loaded dynamically (/Users/mac/.gradle/caches/modules-2/files-2.1/net.bytebuddy/byte-buddy-agent/1.17.5/58f9507f5f28d1d3e7adfb4ec2fe37c29d332c9b/byte-buddy-agent-1.17.5.jar)
WARNING: If a serviceability tool is in use, please run with -XX:+EnableDynamicAgentLoading to hide this warning
WARNING: If a serviceability tool is not in use, please run with -Djdk.instrument.traceUsage for more information
WARNING: Dynamic loading of agents will be disallowed by default in a future release
]]></system-err>
</testsuite>
